<?xml version="1.0" encoding="UTF-8"?>
<!-- Generated by org.testng.reporters.JUnitXMLReporter -->
<testsuite ignored="0" hostname="knoldus-Latitude-3520" failures="2" tests="2" name="Command line test" time="44.462" errors="0" timestamp="2021-12-31T14:54:31 IST">
  <testcase classname="Keka.CompleteProcess" name="chromeBrowser" time="15.497">
    <failure type="org.openqa.selenium.NoSuchElementException" message="Unable to find element with locator By.xpath: //*[@id=&amp;quot;accordion&amp;quot;]/li[2]/a/span[2]
For documentation on this error, please visit: https://selenium.dev/exceptions/#no_such_element
Build info: version: &amp;apos;4.0.0&amp;apos;, revision: &amp;apos;3a21814679&amp;apos;
System info: host: &amp;apos;knoldus-Latitude-3520&amp;apos;, ip: &amp;apos;127.0.1.1&amp;apos;, os.name: &amp;apos;Linux&amp;apos;, os.arch: &amp;apos;amd64&amp;apos;, os.version: &amp;apos;5.11.0-43-generic&amp;apos;, java.version: &amp;apos;11.0.13&amp;apos;
Driver info: driver.version: RemoteWebDriver">
      <![CDATA[org.openqa.selenium.NoSuchElementException: Unable to find element with locator By.xpath: //*[@id="accordion"]/li[2]/a/span[2]
For documentation on this error, please visit: https://selenium.dev/exceptions/#no_such_element
Build info: version: '4.0.0', revision: '3a21814679'
System info: host: 'knoldus-Latitude-3520', ip: '127.0.1.1', os.name: 'Linux', os.arch: 'amd64', os.version: '5.11.0-43-generic', java.version: '11.0.13'
Driver info: driver.version: RemoteWebDriver
at org.openqa.selenium.remote.ElementLocation$ElementFinder$2.findElement(ElementLocation.java:165)
at org.openqa.selenium.remote.ElementLocation.findElement(ElementLocation.java:60)
at org.openqa.selenium.remote.RemoteWebDriver.findElement(RemoteWebDriver.java:383)
at org.openqa.selenium.remote.RemoteWebDriver.findElement(RemoteWebDriver.java:375)
at Keka.CompleteProcess.chromeBrowser(CompleteProcess.java:67)
at java.base/java.util.ArrayList.forEach(ArrayList.java:1541)
... Removed 36 stack frames]]>
    </failure>
  </testcase> <!-- chromeBrowser -->
  <testcase classname="Keka.CompleteProcess" name="fireFoxBrowser" time="27.533">
    <failure type="org.openqa.selenium.NoSuchElementException" message="Unable to locate element: body.nyoS7c.UzCXuf.EIlDfe:nth-child(2) div.H2SoFe.LZgQXe.TFhTPc:nth-child(1) div.RAYh1e.LZgQXe div.xkfVF div.Aa1VU div.JhUD8d.SQNfcc.vLGJgb div.zWl5kd div.DRS7Fe.bxPAYd.k6Zj8d div.pwWryf.bxPAYd:nth-child(2) div.Wxwduf.Us7fWe.JhUD8d div.zQJV3 div.dG5hZc div.qhFLie div.FliLIb.DL0QTb div.VfPpkd-dgl2Hf-ppHlrf-sM5MNb button.VfPpkd-LgbsSe.VfPpkd-LgbsSe-OWXEXe-k8QpJ.VfPpkd-LgbsSe-OWXEXe-dgl2Hf.nCP5yc.AjY5Oe.DuMIQc.qIypjc.TrZEUc.lw1w4b &amp;gt; span.VfPpkd-vQzf8d
For documentation on this error, please visit: https://selenium.dev/exceptions/#no_such_element
Build info: version: &amp;apos;4.0.0&amp;apos;, revision: &amp;apos;3a21814679&amp;apos;
System info: host: &amp;apos;knoldus-Latitude-3520&amp;apos;, ip: &amp;apos;127.0.1.1&amp;apos;, os.name: &amp;apos;Linux&amp;apos;, os.arch: &amp;apos;amd64&amp;apos;, os.version: &amp;apos;5.11.0-43-generic&amp;apos;, java.version: &amp;apos;11.0.13&amp;apos;
Driver info: org.openqa.selenium.firefox.FirefoxDriver
Command: [f29f8823-4f29-4a81-9995-0bed9e90469b, findElement {using=css selector, value=body.nyoS7c.UzCXuf.EIlDfe:nth-child(2) div.H2SoFe.LZgQXe.TFhTPc:nth-child(1) div.RAYh1e.LZgQXe div.xkfVF div.Aa1VU div.JhUD8d.SQNfcc.vLGJgb div.zWl5kd div.DRS7Fe.bxPAYd.k6Zj8d div.pwWryf.bxPAYd:nth-child(2) div.Wxwduf.Us7fWe.JhUD8d div.zQJV3 div.dG5hZc div.qhFLie div.FliLIb.DL0QTb div.VfPpkd-dgl2Hf-ppHlrf-sM5MNb button.VfPpkd-LgbsSe.VfPpkd-LgbsSe-OWXEXe-k8QpJ.VfPpkd-LgbsSe-OWXEXe-dgl2Hf.nCP5yc.AjY5Oe.DuMIQc.qIypjc.TrZEUc.lw1w4b &amp;gt; span.VfPpkd-vQzf8d}]
Capabilities {acceptInsecureCerts: true, browserName: firefox, browserVersion: 95.0.1, javascriptEnabled: true, moz:accessibilityChecks: false, moz:buildID: 20211215221728, moz:debuggerAddress: localhost:52548, moz:geckodriverVersion: 0.30.0, moz:headless: false, moz:processID: 23391, moz:profile: /tmp/rust_mozprofileCHJnvI, moz:shutdownTimeout: 60000, moz:useNonSpecCompliantPointerOrigin: false, moz:webdriverClick: true, pageLoadStrategy: normal, platform: LINUX, platformName: LINUX, platformVersion: 5.11.0-43-generic, proxy: Proxy(), se:cdp: ws://localhost:52548/devtoo..., se:cdpVersion: 85, setWindowRect: true, strictFileInteractability: false, timeouts: {implicit: 0, pageLoad: 300000, script: 30000}, unhandledPromptBehavior: dismiss and notify}
Session ID: f29f8823-4f29-4a81-9995-0bed9e90469b">
      <![CDATA[org.openqa.selenium.NoSuchElementException: Unable to locate element: body.nyoS7c.UzCXuf.EIlDfe:nth-child(2) div.H2SoFe.LZgQXe.TFhTPc:nth-child(1) div.RAYh1e.LZgQXe div.xkfVF div.Aa1VU div.JhUD8d.SQNfcc.vLGJgb div.zWl5kd div.DRS7Fe.bxPAYd.k6Zj8d div.pwWryf.bxPAYd:nth-child(2) div.Wxwduf.Us7fWe.JhUD8d div.zQJV3 div.dG5hZc div.qhFLie div.FliLIb.DL0QTb div.VfPpkd-dgl2Hf-ppHlrf-sM5MNb button.VfPpkd-LgbsSe.VfPpkd-LgbsSe-OWXEXe-k8QpJ.VfPpkd-LgbsSe-OWXEXe-dgl2Hf.nCP5yc.AjY5Oe.DuMIQc.qIypjc.TrZEUc.lw1w4b > span.VfPpkd-vQzf8d
For documentation on this error, please visit: https://selenium.dev/exceptions/#no_such_element
Build info: version: '4.0.0', revision: '3a21814679'
System info: host: 'knoldus-Latitude-3520', ip: '127.0.1.1', os.name: 'Linux', os.arch: 'amd64', os.version: '5.11.0-43-generic', java.version: '11.0.13'
Driver info: org.openqa.selenium.firefox.FirefoxDriver
Command: [f29f8823-4f29-4a81-9995-0bed9e90469b, findElement {using=css selector, value=body.nyoS7c.UzCXuf.EIlDfe:nth-child(2) div.H2SoFe.LZgQXe.TFhTPc:nth-child(1) div.RAYh1e.LZgQXe div.xkfVF div.Aa1VU div.JhUD8d.SQNfcc.vLGJgb div.zWl5kd div.DRS7Fe.bxPAYd.k6Zj8d div.pwWryf.bxPAYd:nth-child(2) div.Wxwduf.Us7fWe.JhUD8d div.zQJV3 div.dG5hZc div.qhFLie div.FliLIb.DL0QTb div.VfPpkd-dgl2Hf-ppHlrf-sM5MNb button.VfPpkd-LgbsSe.VfPpkd-LgbsSe-OWXEXe-k8QpJ.VfPpkd-LgbsSe-OWXEXe-dgl2Hf.nCP5yc.AjY5Oe.DuMIQc.qIypjc.TrZEUc.lw1w4b > span.VfPpkd-vQzf8d}]
Capabilities {acceptInsecureCerts: true, browserName: firefox, browserVersion: 95.0.1, javascriptEnabled: true, moz:accessibilityChecks: false, moz:buildID: 20211215221728, moz:debuggerAddress: localhost:52548, moz:geckodriverVersion: 0.30.0, moz:headless: false, moz:processID: 23391, moz:profile: /tmp/rust_mozprofileCHJnvI, moz:shutdownTimeout: 60000, moz:useNonSpecCompliantPointerOrigin: false, moz:webdriverClick: true, pageLoadStrategy: normal, platform: LINUX, platformName: LINUX, platformVersion: 5.11.0-43-generic, proxy: Proxy(), se:cdp: ws://localhost:52548/devtoo..., se:cdpVersion: 85, setWindowRect: true, strictFileInteractability: false, timeouts: {implicit: 0, pageLoad: 300000, script: 30000}, unhandledPromptBehavior: dismiss and notify}
Session ID: f29f8823-4f29-4a81-9995-0bed9e90469b
at org.openqa.selenium.remote.codec.w3c.W3CHttpResponseCodec.createException(W3CHttpResponseCodec.java:200)
at org.openqa.selenium.remote.codec.w3c.W3CHttpResponseCodec.decode(W3CHttpResponseCodec.java:133)
at org.openqa.selenium.remote.codec.w3c.W3CHttpResponseCodec.decode(W3CHttpResponseCodec.java:53)
at org.openqa.selenium.remote.HttpCommandExecutor.execute(HttpCommandExecutor.java:184)
at org.openqa.selenium.remote.service.DriverCommandExecutor.invokeExecute(DriverCommandExecutor.java:164)
at org.openqa.selenium.remote.service.DriverCommandExecutor.execute(DriverCommandExecutor.java:139)
at org.openqa.selenium.remote.RemoteWebDriver.execute(RemoteWebDriver.java:559)
at org.openqa.selenium.remote.ElementLocation$ElementFinder$2.findElement(ElementLocation.java:162)
at org.openqa.selenium.remote.ElementLocation.findElement(ElementLocation.java:60)
at org.openqa.selenium.remote.RemoteWebDriver.findElement(RemoteWebDriver.java:383)
at org.openqa.selenium.remote.RemoteWebDriver.findElement(RemoteWebDriver.java:375)
at Keka.CompleteProcess.fireFoxBrowser(CompleteProcess.java:107)
at java.base/java.util.ArrayList.forEach(ArrayList.java:1541)
... Removed 40 stack frames]]>
    </failure>
  </testcase> <!-- fireFoxBrowser -->
</testsuite> <!-- Command line test -->
